Compiling the C compiler identification source file "CMakeCCompilerId.c" failed.
Compiler: /root/llvm-project/build/bin/clang 
Build flags: 
Id flags:  

The output was:
1
/bin/ld: cannot find crtbegin.o: No such file or directory
/bin/ld: cannot find -lgcc
/bin/ld: cannot find -lgcc_s
clang-10: error: linker command failed with exit code 1 (use -v to see invocation)


Determining if the C compiler works failed with the following output:
Change Dir: /root/llvm-project/test-suite-build/CMakeFiles/CMakeTmp

Run Build Command(s):/bin/gmake cmTC_823f0/fast && /bin/gmake -f CMakeFiles/cmTC_823f0.dir/build.make CMakeFiles/cmTC_823f0.dir/build
gmake[1]: Entering directory `/root/llvm-project/test-suite-build/CMakeFiles/CMakeTmp'
Building C object CMakeFiles/cmTC_823f0.dir/testCCompiler.c.o
/root/llvm-project/build/bin/clang    -o CMakeFiles/cmTC_823f0.dir/testCCompiler.c.o   -c /root/llvm-project/test-suite-build/CMakeFiles/CMakeTmp/testCCompiler.c
Linking C executable cmTC_823f0
/usr/local/bin/cmake -E cmake_link_script CMakeFiles/cmTC_823f0.dir/link.txt --verbose=1
/root/llvm-project/build/bin/clang      CMakeFiles/cmTC_823f0.dir/testCCompiler.c.o  -o cmTC_823f0 
/bin/ld: cannot find crtbegin.o: No such file or directory
/bin/ld: cannot find -lgcc
/bin/ld: cannot find -lgcc_s
clang-10: error: linker command failed with exit code 1 (use -v to see invocation)
gmake[1]: *** [cmTC_823f0] Error 1
gmake[1]: Leaving directory `/root/llvm-project/test-suite-build/CMakeFiles/CMakeTmp'
gmake: *** [cmTC_823f0/fast] Error 2



